Время отправки: 22:30
Адрес сервера: fe80::fd6d:2a73:bc60:4b43%5
Время подключения: 22:30
Сообщение:
{
	Длина запроса: 4
	Запрос: test
	Результат: tset
}
Время отправки: 22:30
Адрес сервера: fe80::fd6d:2a73:bc60:4b43%5
Время подключения: 22:30
Сообщение:
{
	Длина запроса: 9
	Запрос: test12312
	Результат: 21321tset
}
Время отправки: 22:30
Адрес сервера: fe80::fd6d:2a73:bc60:4b43%5
Время подключения: 22:30
Сообщение:
{
	Текущее количество пользователей: 1
}
Время отправки: 22:30
Адрес сервера: fe80::fd6d:2a73:bc60:4b43%5
Время подключения: 22:30
Сообщение:
{
	Sun Apr 11 22:30:26 2021

}
Время отправки: 22:30
Адрес сервера: fe80::fd6d:2a73:bc60:4b43%5
Время подключения: 22:30
Сообщение:
{ Ошибка запроса }

Время отправки: 22:30
Адрес сервера: fe80::fd6d:2a73:bc60:4b43%5
Время подключения: 22:30
Сообщение:
{
	Вы были отключены от сервера
}
Время отправки: 22:30
Адрес сервера: fe80::fd6d:2a73:bc60:4b43%5
Время подключения: 22:30
Сообщение:

Время отправки: 22:30
Адрес сервера: fe80::fd6d:2a73:bc60:4b43%5
Время подключения: 22:30
Сообщение:

Время отправки: 22:30
Адрес сервера: fe80::fd6d:2a73:bc60:4b43%5
Время подключения: 22:30
Сообщение:

Время отправки: 22:31
Адрес сервера: fe80::fd6d:2a73:bc60:4b43%5
Время подключения: 22:30
Сообщение:

Время отправки: 22:31
Адрес сервера: fe80::fd6d:2a73:bc60:4b43%5
Время подключения: 22:30
Сообщение:

