Время отправки: 17:11
Адрес сервера: fe80::fd6d:2a73:bc60:4b43%6
Время подключения: 17:10
Сообщение:
{
	Длина запроса: 12
	Запрос: TestTestTest
	Результат: tseTtseTtseT
}
Время отправки: 17:12
Адрес сервера: fe80::fd6d:2a73:bc60:4b43%6
Время подключения: 17:12
Сообщение:
{
	Длина запроса: 7
	Запрос: Teeeees
	Результат: seeeeeT
}
Время отправки: 17:12
Адрес сервера: fe80::fd6d:2a73:bc60:4b43%6
Время подключения: 17:10
Сообщение:
{
	Длина запроса: 8
	Запрос: Terteete
	Результат: eteetreT
}
Время отправки: 17:14
Адрес сервера: fe80::fd6d:2a73:bc60:4b43%6
Время подключения: 17:13
Сообщение:
{
	Длина запроса: 4
	Запрос: test
	Результат: tset
}
